CIV4BuildingInfos
iLinePriority min: 0 max 0
iAidRate min: 0 max 0
iTradeCommunicability min: 0 max 0
iFrontSupportPercentModifier min: 0 max 0
iShortRangeSupportPercentModifier min: 0 max 0
iMediumRangeSupportPercentModifier min: 0 max 0
iLongRangeSupportPercentModifier min: 0 max 0
iFlankSupportPercentModifier min: 0 max 0
iNationalCaptureProbabilityModifier min: 0 max 10
iNationalCaptureResistanceModifier min: 0 max 30
iLocalCaptureProbabilityModifier min: 0 max 0
iLocalCaptureResistanceModifier min: 0 max 0
iLocalDynamicDefense min: 0 max 95
iRiverDefensePenalty min: 0 max 9
iLocalRepel min: 0 max 60
iMinDefense min: 0 max 5
iBuildingDefenseRecoverySpeedModifier min: 0 max 200
iCityDefenseRecoverySpeedModifier min: 0 max 100
iDamageAttackerChance min: 0 max 50
iDamageToAttacker min: 0 max 50
iMaxPopulationAllowed min: 0 max 0
iMaxPopulationChange min: 0 max 0
iInsidiousness min: 0 max 8
iInvestigation min: 0 max 50
iOutbreakBase min: 0 max 0
iOvercomeBase min: 0 max 0
iPopulationChange min: 0 max 0
iOneTimePopulationPercentLoss min: 0 max 0
iHeal min: 0 max 9
iUnitCombatRepelAgainstModifier min: 0 max 0
iUnitCombatDefenseAgainstModifier min: 0 max 0
iUnitCombatRepelModifier min: 0 max 0
iUnitCombatProdModifier min: 0 max 50
iUnitCombatOngoingTrainingDuration min: 0 max 0
iBonusAidModifier min: 0 max 0
iAfflictionOutbreakLevelChange min: 0 max 0
iTechOutbreakLevelChange min: 0 max 0
iModifier min: 0 max 10
iGrowthPercent min: 0 max 0
iInhibitionPercent min: 0 max 0
iDistance min: 0 max 0
iTargetDistance min: 0 max 0
iPercent min: 0 max 0
iLimit min: 0 max 0
iNoDecayAmount min: 0 max 0
iNoConvertAmount min: 0 max 0
iForceInsertLocation min: 0 max 0
iMaxGlobalInstances min: 0 max 1
iMaxPlayerInstances min: 0 max 1
iExtraPlayerInstances min: 0 max 1
iThreshold min: 0 max 1
iNumFreeBonuses min: 0 max 6
iAIWeight min: 0 max 2
iCost min: 0 max 9926
iHurryCostModifier min: 0 max 50
iAdvancedStartCost min: 0 max 530
iAdvancedStartCostIncrease min: 0 max 3
iMinAreaSize min: 0 max 10
iConquestProb min: 0 max 95
iCitiesPrereq min: 0 max 8
iTeamsPrereq min: 0 max 4
iLevelPrereq min: 0 max 12
iMinLatitude min: 0 max 55
iMaxLatitude min: 0 max 80
iGreatPeopleRateModifier min: 0 max 9
iGreatGeneralRateModifier min: 0 max 75
iDomesticGreatGeneralRateModifier min: 0 max 50
iGlobalGreatPeopleRateModifier min: 0 max 50
iAnarchyModifier min: 0 max 5
iGoldenAgeModifier min: 0 max 30
iGlobalHurryModifier min: 0 max -33
iExperience min: 0 max 8
iGlobalExperience min: 0 max 2
iFoodKept min: 0 max 9
iAirlift min: 0 max 4
iAirModifier min: 0 max -90
iAirUnitCapacity min: 0 max 9
iNukeModifier min: 0 max -50
iNukeExplosionRand min: 0 max 0
iFreeSpecialist min: 0 max 6
iAreaFreeSpecialist min: 0 max 1
iGlobalFreeSpecialist min: 0 max 1
iMaintenanceModifier min: 0 max 50
iGlobalMaintenanceModifier min: 0 max -50
iAreaMaintenanceModifier min: 0 max 0
iOtherAreaMaintenanceModifier min: 0 max 0
iDistanceMaintenanceModifier min: 0 max 0
iNumCitiesMaintenanceModifier min: 0 max 0
iCoastalDistanceMaintenanceModifier min: 0 max 0
iConnectedCityMaintenanceModifier min: 0 max 0
iWarWearinessModifier min: 0 max 9
iGlobalWarWearinessModifier min: 0 max 25
iEnemyWarWearinessModifier min: 0 max 50
iHealRateChange min: 0 max 5
iHealth min: 0 max 7
iAreaHealth min: 0 max 2
iGlobalHealth min: 0 max 2
iHappiness min: 0 max 8
iAreaHappiness min: 0 max 4
iGlobalHappiness min: 0 max 5
iStateReligionHappiness min: 0 max 3
iWorkerSpeedModifier min: 0 max 50
iMilitaryProductionModifier min: 0 max 50
iSpaceProductionModifier min: 0 max 50
iGlobalSpaceProductionModifier min: 0 max 25
iTradeRoutes min: 0 max 5
iCoastalTradeRoutes min: 0 max 2
iGlobalTradeRoutes min: 0 max 3
iTradeRouteModifier min: 0 max 9
iForeignTradeRouteModifier min: 0 max 50
iGlobalPopulationChange min: 0 max 1
iFreeTechs min: 0 max 1
iDefense min: 0 max 90
iBombardDefense min: 0 max 70
iAllCityDefense min: 0 max 50
iEspionageDefense min: 0 max 8
iUnitUpgradePriceModifier min: 0 max -50
iRevIdxLocal min: 0 max 90
iRevIdxNational min: 0 max 40
iRevIdxDistanceModifier min: 0 max 0
iAsset min: 0 max 8
iPower min: 0 max 8
iPopulationgrowthratepercentage min: 0 max 5
iGlobalPopulationgrowthratepercentage min: 0 max 0
iWorldTradeRoutes min: 0 max 0
iDarkAgePointsObsolete min: 0 max 0
iDarkAgePointsWeight min: 0 max 0
iLineOfSight min: 0 max 3
iPrereqPopulation min: 0 max 8
iWorkableRadius min: 0 max 3
iAdjacentDamagePercent min: 0 max 60
iInvasionChance min: 0 max 5
iNoEntryDefenseLevel min: 0 max 80
iNumUnitFullHeal min: 0 max 1
iOccupationTimeModifier min: 0 max 200
iNumPopulationEmployed min: 0 max 1
iHealthPercentPerPopulation min: 0 max 5
iHappinessPercentPerPopulation min: 0 max 50
iGreatPeopleRateChange min: 0 max 6
iHurryAngerModifier min: 0 max -50
iYield min: 0 max 9
iCommerce min: 0 max 900
iReligionChange min: 0 max 6
iSpecialistCount min: 0 max 5
iFreeSpecialistCount min: 0 max 5
iPropertyValue min: 0 max 7
iHealthChange min: 0 max 2
iHappinessChange min: 0 max 6
iProductonModifier min: 0 max 75
iProductionModifier min: 0 max 75
iNumBuildingNeeded min: 0 max 6
iFlavor min: 0 max 9
iHotKeyPriority min: 0 max 0
iOrderPriority min: 0 max 0
iDCMAirbombMission min: 0 max 3
iRequiredPopulation min: 0 max 0
iStrength min: 0 max 50
iCommercePercent min: 0 max 0
iDefenseChange min: 0 max 0
iExtraCommerce min: 0 max 7


CIV4TechInfos
iGrowthPercent min: 0 max 0
iInhibitionPercent min: 0 max 0
iDistance min: 0 max 0
iTargetDistance min: 0 max 0
iPercent min: 0 max 0
iLimit min: 0 max 0
iNoDecayAmount min: 0 max 0
iNoConvertAmount min: 0 max 0
iTraitGainPercent min: 0 max 0
iNationalCaptureProbabilityModifier min: 0 max 0
iNationalCaptureResistanceModifier min: 0 max 0
iInsidiousness min: 0 max 0
iInvestigation min: 0 max 0
iFreedomFighterChange min: 0 max 0
iBeelineStingsTechCostModifier min: 0 max 0
iModifier min: 0 max 0
iCommandersLevelThresholdsPercent min: 0 max 0
iInitialCityMaintenancePercent min: 0 max 0
iDefaultPlayers min: 0 max 0
iUnitNameModifier min: 0 max 0
iTargetNumCities min: 0 max 0
iNumFreeBuildingBonuses min: 0 max 0
iBuildingPrereqModifier min: 0 max 0
iMaxConscriptModifier min: 0 max 0
iWarWearinessModifier min: 0 max 0
iGridWidth min: 0 max 0
iGridHeight min: 0 max 0
iTerrainGrainChange min: 0 max 0
iFeatureGrainChange min: 0 max 0
iOceanMinAreaSize min: 0 max 0
iResearchPercent min: 0 max 0
iTradeProfitPercent min: 0 max 0
iDistanceMaintenancePercent min: 0 max 0
iNumCitiesMaintenancePercent min: 0 max 0
iColonyMaintenancePercent min: 0 max 0
iCorporationMaintenancePercent min: 0 max 0
iNumCitiesAnarchyPercent min: 0 max 0
iDesertPercentChange min: 0 max 0
iJungleLatitude min: 0 max 0
iHillRange min: 0 max 0
iPeakPercent min: 0 max 0
iAdvancedStartPointsMod min: 0 max 0
iSeaLevelChange min: 0 max 0
iProductionToCommerceModifier min: 0 max 0
iPopulationThreshold min: 0 max 0
iMinVoters min: 0 max 0
iStateReligionVotePercent min: 0 max 0
iTradeRoutes min: 0 max 1
iForceInsertLocation min: 0 max 0
iSpreadFactor min: 0 max 0
iSpreadCost min: 0 max 0
iMaintenance min: 0 max 0
iTGAIndex min: 0 max 0
iGlobalReligionCommerce min: 0 max 0
iHolyCityCommerce min: 0 max 0
iStateReligionCommerce min: 0 max 0
iHeadquarterCommerce min: 0 max 0
iCommerceProduced min: 0 max 0
iYieldProduced min: 0 max 0
iNumBuildingNeeded min: 0 max 1
iHealth min: 0 max 3
iHappiness min: 0 max 1
iMilitaryProductionModifier min: 0 max 0
iFreeXP min: 0 max 0
iSpread min: 0 max 0
iMonthIncrement min: 0 max 0
iDayIncrement min: 0 max 0
iTurnsPerIncrement min: 0 max 0
iGold min: 0 max 0
iGoldRand1 min: 0 max 0
iGoldRand2 min: 0 max 0
iResearch min: 0 max 0
iMapOffset min: 0 max 0
iMapRange min: 0 max 0
iMapProb min: 0 max 0
iExperience min: 0 max 0
iHealing min: 0 max 0
iDamagePrereq min: 0 max 0
iBarbarianUnitProb min: 0 max 0
iMinBarbarians min: 0 max 0
iFreeWinsVsBarbs min: 0 max 0
iAnimalAttackProb min: 0 max 0
iStartingLocPercent min: 0 max 0
iFreeUnits min: 0 max 0
iUnitUpkeepPercent min: 0 max 0
iMaxColonyMaintenance min: 0 max 0
iCivicUpkeepPercent min: 0 max 0
iFeatureProductionPercent min: 0 max 0
iUnitDiscoverPercent min: 0 max 0
iUnitHurryPercent min: 0 max 0
iUnitTradePercent min: 0 max 0
iUnitGreatWorkPercent min: 0 max 0
iGoldenAgePercent min: 0 max 0
iHurryPercent min: 0 max 0
iHurryConscriptAngerPercent min: 0 max 0
iInflationPercent min: 0 max 0
iRevolutionIndexPercent min: 0 max 0
iHealthBonus min: 0 max 0
iHappyBonus min: 0 max 0
iAttitudeChange min: 0 max 0
iNoTechTradeModifier min: 0 max 0
iTechTradeKnownModifier min: 0 max 0
iUnownedTilesPerGameAnimal min: 0 max 0
iUnownedTilesPerBarbarianUnit min: 0 max 0
iUnownedWaterTilesPerBarbarianUnit min: 0 max 0
iUnownedTilesPerBarbarianCity min: 0 max 0
iBarbarianCityCreationTurnsElapsed min: 0 max 0
iBarbarianCityCreationProb min: 0 max 0
iAnimalBonus min: 0 max 0
iBarbarianBonus min: 0 max 0
iAIAnimalBonus min: 0 max 0
iAIBarbarianBonus min: 0 max 0
iStartingDefenseUnits min: 0 max 0
iStartingWorkerUnits min: 0 max 0
iStartingExploreUnits min: 0 max 0
iAIStartingUnitMultiplier min: 0 max 0
iAIStartingDefenseUnits min: 0 max 0
iAIStartingWorkerUnits min: 0 max 0
iAIStartingExploreUnits min: 0 max 0
iBarbarianDefenders min: 0 max 0
iAIDeclareWarProb min: 0 max 0
iAIWorkRateModifier min: 0 max 0
iAIGrowthPercent min: 0 max 0
iAITrainPercent min: 0 max 0
iAIWorldTrainPercent min: 0 max 0
iAIConstructPercent min: 0 max 0
iAIWorldConstructPercent min: 0 max 0
iAICreatePercent min: 0 max 0
iAIResearchPercent min: 0 max 0
iAIWorldCreatePercent min: 0 max 0
iAICivicUpkeepPercent min: 0 max 0
iAIUnitUpkeepPercent min: 0 max 0
iAIUnitSupplyPercent min: 0 max 0
iAIUnitUpgradePercent min: 0 max 0
iAIInflationPercent min: 0 max 0
iAIWarWearinessPercent min: 0 max 0
iAIPerEraModifier min: 0 max 0
iAIAdvancedStartPercent min: 0 max 0
iPopulationPercentLead min: 0 max 0
iLandPercent min: 0 max 0
iMinLandPercent min: 0 max 0
iReligionPercent min: 0 max 0
iNumCultureCities min: 0 max 0
iTotalCultureRatio min: 0 max 0
iMaxGlobalInstances min: 0 max 0
iMaxTeamInstances min: 0 max 0
iCost min: 0 max 9889
iNukeInterception min: 0 max 0
iTechShare min: 0 max 0
iGlobalMaintenanceModifier min: 0 max 0
iConnectedCityMaintenanceModifier min: 0 max 0
iNeeded min: 0 max 0
iThreshold min: 0 max 0
iVictoryDelayTurns min: 0 max 0
iVictoryDelayPercent min: 0 max 0
iSuccessRate min: 0 max 0
iProductonModifier min: 0 max 0
iGlobalHealth min: 0 max 0
iGlobalHappiness min: 0 max 0
iWorldHealth min: 0 max 0
iWorldHappiness min: 0 max 0
iWorldTradeRoutes min: 0 max 0
iGoldPerProduction min: 0 max 0
iProductionPerPopulation min: 0 max 0
iInitialPercent min: 0 max 0
iInitialHappiness min: 0 max 0
iAIWeightPercent min: 0 max 0
iAnarchyLength min: 0 max 0
iAIWeight min: 0 max 45
iGreatPeopleRateModifier min: 0 max 0
iGreatGeneralRateModifier min: 0 max 0
iDomesticGreatGeneralRateModifier min: 0 max 0
iStateReligionGreatPeopleRateModifier min: 0 max 0
iDistanceMaintenanceModifier min: 0 max 0
iNumCitiesMaintenanceModifier min: 0 max 0
iHomeAreaMaintenanceModifier min: 0 max 0
iOtherAreaMaintenanceModifier min: 0 max 0
iCorporationMaintenanceModifier min: 0 max -5
iExtraHealth min: 0 max 0
iFreeExperience min: 0 max 0
iWorkerSpeedModifier min: 0 max 50
iImprovementUpgradeRateModifier min: 0 max 0
iFreeUnitUpkeepCivilian min: 0 max 0
iFreeUnitUpkeepMilitary min: 0 max 0
iFreeUnitUpkeepCivilianPopPercent min: 0 max 0
iFreeUnitUpkeepMilitaryPopPercent min: 0 max 0
iCivilianUnitUpkeepMod min: 0 max 0
iMilitaryUnitUpkeepMod min: 0 max 0
iHappyPerMilitaryUnit min: 0 max 0
iMaxConscript min: 0 max 0
iExpInBorderModifier min: 0 max 0
iLargestCityHappiness min: 0 max 0
iCivicHappiness min: 0 max 0
iReligionSpreadRate min: 0 max 0
iHappyPerMilitaryUnitPercent min: 0 max 0
iForeignTradeRouteModifier min: 0 max 0
iDistantUnitSupportCostModifier min: 0 max 0
iExtraCityDefense min: 0 max 0
iPopulationgrowthratepercentage min: 0 max 0
iTaxRateUnhappiness min: 0 max 0
iRealCorporationMaintenanceModifier min: 0 max 0
iInflation min: 0 max 0
iHurryCostModifier min: 0 max 0
iHurryInflationModifier min: 0 max 0
iSharedCivicTradeRouteModifier min: 0 max 0
iLandmarkHappiness min: 0 max 0
iCityLimit min: 0 max 0
iCityOverLimitUnhappy min: 0 max 0
iForeignerUnhappyPercent min: 0 max 0
iFreeSpecialist min: 0 max 0
iCivicPercentAnger min: 0 max 0
iStateReligionHappiness min: 0 max 0
iNonStateReligionHappiness min: 0 max 0
iStateReligionUnitProductionModifier min: 0 max 0
iStateReligionBuildingProductionModifier min: 0 max 0
iStateReligionFreeExperience min: 0 max 0
iYield min: 0 max 0
iCommerce min: 0 max 0
iHappinessChange min: 0 max 0
iHealthChange min: 0 max 0
iYieldPercent min: 0 max 0
iCommercePercent min: 0 max 0
iRevIdxLocal min: 0 max 0
iRevIdxNational min: 0 max 0
iRevIdxDistanceModifier min: 0 max 0
iRevIdxHolyCityGood min: 0 max 0
iRevIdxHolyCityBad min: 0 max 0
iRevIdxSwitchTo min: 0 max 0
iRevReligiousFreedom min: 0 max 0
iRevLaborFreedom min: 0 max 0
iRevEnvironmentalProtection min: 0 max 0
iRevDemocracyLevel min: 0 max 0
iContemporaryFactor min: 0 max 0
iAttitudeShareMod min: 0 max 0
iEnslavementChance min: 0 max 0
iFoodConsumptionPerPopulation min: 0 max 0
iProductionModifier min: 0 max 0
iFreeSpecialistCount min: 0 max 1
iMintedPercent min: 0 max 0
iHealthPercent min: 0 max 0
iTrainPercent min: 0 max 0
iConstructPercent min: 0 max 0
iCreatePercent min: 0 max 0
iBuildPercent min: 0 max 0
iImprovementPercent min: 0 max 0
iGreatPeoplePercent min: 0 max 0
iCulturePercent min: 0 max 0
iAnarchyPercent min: 0 max 0
iEventChancePerTurn min: 0 max 0
iBarbPercent min: 0 max 0
iOccupationTurnsPopulationPercent min: 0 max 0
iBaseTime min: 0 max 0
iCityBonus min: 0 max 0
iUnitBonus min: 0 max 0
iFirstTurnMultiplier min: 0 max 0
iPopulationPercent min: 0 max 0
iCityPercent min: 0 max 0
iCityDefenseModifier min: 0 max 0
iCityRadius min: 0 max 0
iMaxWorldWonders min: 0 max 0
iMaxTeamWonders min: 0 max 0
iMaxNationalWonders min: 0 max 0
iMaxNationalWondersOCC min: 0 max 0
iFlavor min: 0 max 9
iHotKeyPriority min: 0 max 0
iHotKeyPriorityAlt min: 0 max 0
iOrderPriority min: 0 max 0
iGreatPeopleRateChange min: 0 max 0
iHappinessPercent min: 0 max 0
iStartingUnitMultiplier min: 0 max 0
iStartingGold min: 0 max 0
iFreePopulation min: 0 max 0
iStartPercent min: 0 max 0
iSoundtrackSpace min: 0 max 0
iAdvancedStartPoints min: 0 max 0
iCultureDuration min: 0 max 0
iOperationalRangeMin min: 0 max 0
iOperationalRangeMax min: 0 max 0
FontButtonIndex min: 0 max 0
iChangePercent min: 0 max 0
iTargetLevel min: 0 max 0
iTrainReluctance min: 0 max 0
iMinValue min: 0 max 0
iMaxValue min: 0 max 0
iVisibilityLevel min: 0 max 0
iDifficultyMod min: 0 max 0
iDestroyBuildingCostFactor min: 0 max 0
iDestroyUnitCostFactor min: 0 max 0
iDestroyProjectCostFactor min: 0 max 0
iDestroyProductionCostFactor min: 0 max 0
iBuyUnitCostFactor min: 0 max 0
iBuyCityCostFactor min: 0 max 0
iStealTreasuryTypes min: 0 max 0
iCityInsertCultureAmountFactor min: 0 max 0
iCityInsertCultureCostFactor min: 0 max 0
iCityPoisonWaterCounter min: 0 max 0
iCityUnhappinessCounter min: 0 max 0
iCityRevoltCounter min: 0 max 0
iBuyTechCostFactor min: 0 max 0
iSwitchCivicCostFactor min: 0 max 0
iSwitchReligionCostFactor min: 0 max 0
iPlayerAnarchyCounter min: 0 max 0
iCounterespionageNumTurns min: 0 max 0
iCounterespionageMod min: 0 max 0
iWarWearinessCounter min: 0 max 0
iSabatogeResearchCostFactor min: 0 max 0
iRemoveReligionsCostFactor min: 0 max 0
iRemoveCorporationsCostFactor min: 0 max 0
iVoteInterval min: 0 max 0
iExtraChance min: 0 max 0


CIV4UnitInfos
iGrowthPercent min: 0 max 0
iInhibitionPercent min: 0 max 0
iDistance min: 0 max 0
iTargetDistance min: 0 max 1
iPercent min: 0 max 0
iLimit min: 0 max 0
iNoDecayAmount min: 0 max 0
iNoConvertAmount min: 0 max 0
iCommandRange min: 0 max 1
iControlPoints min: 0 max 5
iTime min: 0 max 0
iProduction min: 0 max 0
iHotKeyPriority min: 0 max 0
iHotKeyPriorityAlt min: 0 max 0
iOrderPriority min: 0 max 0
iMaxGlobalInstances min: 0 max 1
iMaxPlayerInstances min: 0 max 8
iPursuit min: 0 max 85
iPursuitChange min: 0 max 0
iEarlyWithdraw min: 0 max 95
iEarlyWithdrawChange min: 0 max 0
iVSBarbs min: 0 max 75
iVSBarbsChange min: 0 max 0
iArmor min: 0 max 0
iArmorChange min: 0 max 0
iPuncture min: 0 max 0
iPunctureChange min: 0 max 0
iOverrun min: 0 max 0
iOverrunChange min: 0 max 0
iRepel min: 0 max 0
iRepelChange min: 0 max 0
iFortRepel min: 0 max 0
iFortRepelChange min: 0 max 0
iRepelRetries min: 0 max 0
iRepelRetriesChange min: 0 max 0
iUnyielding min: 0 max 0
iUnyieldingChange min: 0 max 0
iKnockback min: 0 max 0
iKnockbackChange min: 0 max 0
iKnockbackRetries min: 0 max 0
iKnockbackRetriesChange min: 0 max 0
iStrAdjperRnd min: 0 max 0
iStrAdjperRndChange min: 0 max 0
iStrAdjperAtt min: 0 max 0
iStrAdjperAttChange min: 0 max 0
iStrAdjperDef min: 0 max 0
iStrAdjperDefChange min: 0 max 0
iWithdrawAdjperAtt min: 0 max 0
iWithdrawAdjperAttChange min: 0 max 0
iUnnerve min: 0 max 8
iUnnerveChange min: 0 max 0
iEnclose min: 0 max 8
iEncloseChange min: 0 max 0
iLunge min: 0 max 8
iLungeChange min: 0 max 0
iDynamicDefense min: 0 max 8
iDynamicDefenseChange min: 0 max 0
iStrengthChange min: 0 max 0
iLinePriority min: 0 max 0
iOvercomeProbability min: 0 max 0
iFortitude min: 0 max 0
iFortitudeChange min: 0 max 0
iDamageperTurn min: 0 max 0
iOvercomeAdjperTurn min: 0 max 0
iStrAdjperTurn min: 0 max 0
iWeakenperTurn min: 0 max 0
iCommunicability min: 0 max 0
iAidChange min: 0 max 0
iToleranceBuildup min: 0 max 0
iToleranceDecay min: 0 max 0
iFrontSupportPercent min: 0 max 0
iFrontSupportPercentChange min: 0 max 0
iShortRangeSupportPercent min: 0 max 0
iShortRangeSupportPercentChange min: 0 max 0
iMediumRangeSupportPercent min: 0 max 0
iMediumRangeSupportPercentChange min: 0 max 0
iLongRangeSupportPercent min: 0 max 0
iLongRangeSupportPercentChange min: 0 max 0
iFlankSupportPercent min: 0 max 0
iFlankSupportPercentChange min: 0 max 0
iDodgeModifier min: 0 max 0
iDodgeModifierChange min: 0 max 0
iPrecisionModifier min: 0 max 0
iPrecisionModifierChange min: 0 max 0
iDamageModifier min: 0 max 0
iDamageModifierChange min: 0 max 0
iPowerShots min: 0 max 0
iPowerShotsChange min: 0 max 0
iPowerShotCombatModifier min: 0 max 0
iPowerShotCombatModifierChange min: 0 max 0
iPowerShotPunctureModifier min: 0 max 0
iPowerShotPunctureModifierChange min: 0 max 0
iPowerShotPrecisionModifier min: 0 max 0
iPowerShotPrecisionModifierChange min: 0 max 0
iPowerShotCriticalModifier min: 0 max 0
iPowerShotCriticalModifierChange min: 0 max 0
iCriticalModifier min: 0 max 0
iCriticalModifierChange min: 0 max 0
iEndurance min: 0 max 0
iEnduranceChange min: 0 max 0
iRoundStunProb min: 0 max 0
iRoundStunProbChange min: 0 max 0
iWorseningProbabilityIncrementModifier min: 0 max 0
iWorsenedCommunicabilityIncrementModifier min: 0 max 0
iWorsenedOvercomeIncrementModifier min: 0 max 0
iPoisonProbabilityModifier min: 0 max 0
iPoisonProbabilityModifierChange min: 0 max 0
iAttackCombatModifier min: 0 max 0
iDefenseCombatModifier min: 0 max 0
iAttackCombatModifierChange min: 0 max 0
iDefenseCombatModifierChange min: 0 max 0
iCaptureProbabilityModifier min: 0 max 9
iCaptureProbabilityModifierChange min: 0 max 0
iCaptureResistanceModifier min: 0 max 50
iCaptureResistanceModifierChange min: 0 max 0
iHillsWorkModifier min: 0 max 0
iHillsWorkModifierChange min: 0 max 0
iPeaksWorkModifier min: 0 max 0
iPeaksWorkModifierChange min: 0 max 0
iBreakdownChance min: 0 max 30
iBreakdownChanceChange min: 0 max 0
iBreakdownDamage min: 0 max 5
iBreakdownDamageChange min: 0 max 0
iTaunt min: 0 max 0
iTauntChange min: 0 max 0
iMaxHP min: 0 max 0
iMaxHPChange min: 0 max 0
iAssetMultiplierPercent min: 0 max 0
iPowerMultiplierPercent min: 0 max 0
iQualityBase min: 0 max 0
iGroupBase min: 0 max 0
iSizeBase min: 0 max 0
iQualityChange min: 0 max 0
iGroupChange min: 0 max 0
iLevelPrereq min: 0 max 0
iStrengthModifier min: 0 max 0
iUpkeepModifier min: 0 max 0
iExtraUpkeep100 min: 0 max 0
iRBombardDamage min: 0 max 5
iRBombardDamageChange min: 0 max 0
iRBombardDamageLimit min: 0 max 30
iRBombardDamageLimitChange min: 0 max 0
iRBombardDamageMaxUnits min: 0 max 0
iRBombardDamageMaxUnitsChange min: 0 max 0
iDCMBombRangeChange min: 0 max 0
iDCMBombAccuracyChange min: 0 max 0
iRBombardDamageBase min: 0 max 0
iRBombardDamageLimitBase min: 0 max 0
iRBombardDamageMaxUnitsBase min: 0 max 0
iDCMBombRangeBase min: 0 max 0
iDCMBombAccuracyBase min: 0 max 0
iCombatModifierPerSizeMore min: 0 max 5
iCombatModifierPerSizeMoreChange min: 0 max 0
iCombatModifierPerSizeLess min: 0 max 15
iCombatModifierPerSizeLessChange min: 0 max 0
iCombatModifierPerVolumeMore min: 0 max 10
iCombatModifierPerVolumeMoreChange min: 0 max 0
iCombatModifierPerVolumeLess min: 0 max 5
iCombatModifierPerVolumeLessChange min: 0 max 0
iSelfHealModifier min: 0 max 0
iNumHealSupport min: 0 max 9
iInsidiousness min: 0 max 75
iInvestigation min: 0 max 60
iInsidiousnessChange min: 0 max 0
iInvestigationChange min: 0 max 0
iStealthStrikes min: 0 max 4
iStealthStrikesChange min: 0 max 0
iStealthCombatModifier min: 0 max 90
iStealthCombatModifierChange min: 0 max 0
iStealthDefenseChange min: 0 max 0
iDefenseOnlyChange min: 0 max 0
iNoInvisibilityChange min: 0 max 0
FontButtonIndex min: 0 max 0
iTrapDamageMax min: 0 max 0
iTrapDamageMin min: 0 max 0
iTrapComplexity min: 0 max 0
iNumTriggers min: 0 max 0
iTriggerBeforeAttackChange min: 0 max 0
iHiddenNationalityChange min: 0 max 0
iAggression min: 0 max 9
iNoCaptureChange min: 0 max 0
iAnimalIgnoresBorders min: 0 max 3
iAnimalIgnoresBordersChange min: 0 max 0
iOutbreakModifier min: 0 max 0
iOvercomeModifier min: 0 max 0
iChange min: 0 max 0
iBaseFoodChange min: 0 max 72
iNoDefensiveBonusChange min: 0 max 0
iGatherHerdChange min: 0 max 0
iReligiousCombatModifier min: 0 max 0
iReligiousCombatModifierChange min: 0 max 0
iUnitCombatContractChanceChange min: 0 max 0
iTechContractChanceChange min: 0 max 0
iFlankingStrengthbyUnitCombat min: 0 max 50
iFlankingStrengthbyUnitCombatChange min: 0 max 0
iWithdraw min: 0 max 0
iWithdrawChange min: 0 max 0
iWithdrawVSUnitCombat min: 0 max 75
iWithdrawVSUnitCombatChange min: 0 max 0
iPursuitVSUnitCombat min: 0 max 5
iPursuitVSUnitCombatChange min: 0 max 0
iRepelVSUnitCombat min: 0 max 0
iRepelVSUnitCombatChange min: 0 max 0
iKnockbackVSUnitCombat min: 0 max 0
iKnockbackVSUnitCombatChange min: 0 max 0
iPunctureVSUnitCombat min: 0 max 0
iPunctureVSUnitCombatChange min: 0 max 0
iArmorVSUnitCombat min: 0 max 0
iArmorVSUnitCombatChange min: 0 max 0
iDodgeVSUnitCombat min: 0 max 0
iDodgeVSUnitCombatChange min: 0 max 0
iPrecisionVSUnitCombat min: 0 max 0
iPrecisionVSUnitCombatChange min: 0 max 0
iCriticalVSUnitCombat min: 0 max 0
iCriticalVSUnitCombatChange min: 0 max 0
iRoundStunVSUnitCombat min: 0 max 0
iRoundStunVSUnitCombatChange min: 0 max 0
iModifier min: 0 max 90
iImmediate min: 0 max 0
iMelee min: 0 max 0
iProbability min: 0 max 0
iHeal min: 0 max 9
iAdjacentHeal min: 0 max 9
iAirCombatLimitChange min: 0 max 0
iCelebrityHappy min: 0 max 0
iCollateralDamageLimitChange min: 0 max 0
iCollateralDamageMaxUnitsChange min: 0 max 0
iCombatLimitChange min: 0 max 0
iExtraDropRange min: 0 max 0
iSurvivorChance min: 0 max 0
iVictoryAdjacentHeal min: 0 max 0
iVictoryHeal min: 0 max 0
iVictoryStackHeal min: 0 max 0
iInstanceCostModifier min: 0 max 5
iIntensity min: 0 max 8
iFlankingStrength min: 0 max 50
iReligionSpread min: 0 max 80
iCorporationSpread min: 0 max 40
iFlavor min: 0 max 8
iAIWeight min: 0 max 10
iHurryCostModifier min: 0 max 50
iAdvancedStartCost min: 0 max 90
iAdvancedStartCostIncrease min: 0 max -1
iMinAreaSize min: 0 max 5
iMoves min: 0 max 9
iAirRange min: 0 max 9
iAirUnitCap min: 0 max 4
iDropRange min: 0 max 7
iNukeRange min: 0 max 20
iWorkRate min: 0 max 90
iBaseDiscover min: 0 max 150000
iDiscoverMultiplier min: 0 max 3
iBaseHurry min: 0 max 5000
iHurryMultiplier min: 0 max 5
iBaseTrade min: 0 max 90
iTradeMultiplier min: 0 max 3
iGreatWorkCulture min: 0 max 4000
iEspionagePoints min: 0 max 750
iCombat min: 0 max 95
iCombatLimit min: 0 max 90
iAirCombat min: 0 max 80
iAirCombatLimit min: 0 max 75
iXPValueAttack min: 0 max int
iXPValueDefense min: 0 max int
iFirstStrikes min: 0 max 4
iChanceFirstStrikes min: 0 max 2
iInterceptionProbability min: 0 max 90
iEvasionProbability min: 0 max 75
iWithdrawalProb min: 0 max 90
iCollateralDamage min: 0 max 80
iCollateralDamageLimit min: 0 max 90
iCollateralDamageMaxUnits min: 0 max 8
iCityAttack min: 0 max 75
iCityDefense min: 0 max 60
iAnimalCombat min: 0 max 50
iHillsAttack min: 0 max 50
iHillsDefense min: 0 max 50
iHillsWork min: 0 max 0
iWorkRateModifier min: 0 max 0
iKamikazePercent min: 0 max 0
iRevoltProtection min: 0 max 0
iCollateralDamageProtection min: 0 max 0
iPillageChange min: 0 max 0
iUpgradeDiscount min: 0 max 0
iExperiencePercent min: 0 max 0
iTerrainAttack min: 0 max 50
iTerrainDefense min: 0 max 25
iTerrainWork min: 0 max 0
iFeatureAttack min: 0 max 50
iFeatureDefense min: 0 max 50
iFeatureWork min: 0 max 0
iUnitCombatMod min: 0 max 80
iUnitCombatCollateralImmune min: 0 max 1
iDomainMod min: 0 max 50
iProductonModifier min: 0 max 5
iBombRate min: 0 max 5
iBombardRate min: 0 max 8
iCargo min: 0 max 9
iSMCargo min: 0 max 0
iSMCargoVolume min: 0 max 0
iConscription min: 0 max 9
iCultureGarrison min: 0 max 8
iBaseUpkeep min: 0 max 9
iAsset min: 0 max 9
iPower min: 0 max 980
iGroupSize min: 0 max 8
iRequired min: 0 max 8
iMeleeWaveSize min: 0 max 7
iRangedWaveSize min: 0 max 5
iLeaderExperience min: 0 max 6
iDCMBombRange min: 0 max 3
iDCMBombAccuracy min: 0 max 5
bDCMAirBomb1 min: 0 max 1
bDCMAirBomb2 min: 0 max 1
bDCMAirBomb3 min: 0 max 1
bDCMAirBomb4 min: 0 max 1
bDCMAirBomb5 min: 0 max 1
bDCMFighterEngage min: 0 max 1
iChancePerPop min: 0 max -2
iGPP min: 0 max 0
iHappinessTimer min: 0 max 6
iPopulationBoost min: 0 max 1
iPropertyValue min: 0 max 75
iVisibilityChange min: 0 max 0
iMovesChange min: 0 max 0
iMoveDiscountChange min: 0 max 0
iAirRangeChange min: 0 max 0
iInterceptChange min: 0 max 0
iEvasionChange min: 0 max 0
iWithdrawalChange min: 0 max 0
iCargoChange min: 0 max 0
iSMCargoChange min: 0 max 0
iSMCargoVolumeChange min: 0 max 0
iSMCargoVolumeModifierChange min: 0 max 0
iCollateralDamageChange min: 0 max 0
iBombardRateChange min: 0 max 0
iFirstStrikesChange min: 0 max 0
iChanceFirstStrikesChange min: 0 max 0
iEnemyHealChange min: 0 max 0
iNeutralHealChange min: 0 max 0
iFriendlyHealChange min: 0 max 0
iSameTileHealChange min: 0 max 0
iAdjacentTileHealChange min: 0 max 0
iCombatPercent min: 0 max 0
BaseID min: 0 max 0
SetIncrement min: 0 max 0
iTurns min: 0 max 0
iGlobalTurns min: 0 max 0
iMaxLocalDensity min: 0 max 0
iMaxAreaTotalDensity min: 0 max 0
iMaxAreaUnitDensity min: 0 max 0
iStartDate min: 0 max 0
iEndDate min: 0 max 0
iMinLatitude min: 0 max 0
iMaxLatitude min: 0 max 0
iMinLongitude min: 0 max 0
iMaxLongitude min: 0 max 0


